<?xml version="1.0" encoding="UTF-8"?>
<!-- Generated by org.testng.reporters.JUnitXMLReporter -->
<testsuite ignored="0" hostname="LAPTOP-07C5PU1R" failures="1" tests="6" name="Test" time="47.703" errors="0" timestamp="2025-06-05T13:49:26 IST">
  <testcase classname="testCases.AccountRegistrationTest" name="verify_Account_Registration" time="1.741"/>
  <testcase classname="testCases.LoginTest" name="TC002_verifyLoginFunctionality" time="1.848"/>
  <testcase classname="testCases.TC003_LoginDDT" name="verify_LoginDDT" time="1.532"/>
  <testcase classname="testCases.TC003_LoginDDT" name="verify_LoginDDT" time="10.522"/>
  <testcase classname="testCases.TC003_LoginDDT" name="verify_LoginDDT" time="11.644"/>
  <testcase classname="testCases.TC003_LoginDDT" name="verify_LoginDDT" time="11.174">
    <failure type="java.lang.AssertionError" message="expected [true] but found [false]">
      <![CDATA[java.lang.AssertionError: expected [true] but found [false]
at testCases.TC003_LoginDDT.verify_LoginDDT(TC003_LoginDDT.java:47)
at java.base/java.util.ArrayList.forEach(ArrayList.java:1541)
... Removed 35 stack frames]]>
    </failure>
  </testcase> <!-- verify_LoginDDT -->
</testsuite> <!-- Test -->
